
Running 3 tests using 3 workers

  ✓  2 [chromium] › tests/e2e/cheatsheets.test.ts:29:9 › Cheatsheets E2E › should filter by category (1.6s)
  ✓  1 [chromium] › tests/e2e/cheatsheets.test.ts:46:9 › Cheatsheets E2E › should navigate back to index from a cheatsheet page (1.9s)
  ✘  3 [chromium] › tests/e2e/cheatsheets.test.ts:4:9 › Cheatsheets E2E › should load the homepage and search for a cheatsheet (4.0s)


  1) [chromium] › tests/e2e/cheatsheets.test.ts:4:9 › Cheatsheets E2E › should load the homepage and search for a cheatsheet 

    Error: [2mexpect([22m[31mlocator[39m[2m).[22mtoContainText[2m([22m[32mexpected[39m[2m)[22m failed

    Locator: locator('h1')
    Expected substring: [32m"Python"[39m
    Error: strict mode violation: locator('h1') resolved to 2 elements:
        1) <h1 class="text-5xl md:text-7xl font-black tracking-tight leading-tight [background:linear-gradient(135deg,#fff_0%,#a0d8ff_100%)] [-webkit-background-clip:text] [-webkit-text-fill-color:transparent] [background-clip:text]">Python</h1> aka getByRole('heading', { name: 'Python', exact: true })
        2) <h1 class="text-3xl font-bold mt-10 mb-5">Python Cheatsheet</h1> aka getByRole('heading', { name: 'Python Cheatsheet' })

    Call log:
    [2m  - Expect "toContainText" with timeout 5000ms[22m
    [2m  - waiting for locator('h1')[22m


      21 |         // Verify Python cheatsheet page
      22 |         await expect(page).toHaveURL(/\/cheatsheet\/python/);
    > 23 |         await expect(page.locator('h1')).toContainText('Python');
         |                                          ^
      24 |
      25 |         // Verify content is rendered
      26 |         await expect(page.locator('.modern-prose')).toBeVisible();
        at /home/divyu/Documents/GitHub/cheatsheets/tests/e2e/cheatsheets.test.ts:23:42

    Error Context: test-results/cheatsheets-Cheatsheets-E2-0086e-and-search-for-a-cheatsheet-chromium/error-context.md

  1 failed
    [chromium] › tests/e2e/cheatsheets.test.ts:4:9 › Cheatsheets E2E › should load the homepage and search for a cheatsheet 
  2 passed (5.1s)
